<?xml version="1.0" encoding="UTF-8"?>
<testsuite name="RectangleTest" tests="5" skipped="0" failures="0" errors="0" timestamp="2015-08-19T21:56:15" hostname="Leslies-MacBook-Pro.local" time="0.002">
  <properties/>
  <testcase name="newRectangle_instantiatesCorrectly" classname="RectangleTest" time="0.0"/>
  <testcase name="newRectangle_getsAnIntegerCalledWidth" classname="RectangleTest" time="0.0"/>
  <testcase name="getSurfaceArea_multipliesWidthAndHeight" classname="RectangleTest" time="0.0"/>
  <testcase name="isSquare_notASquare_false" classname="RectangleTest" time="0.0"/>
  <testcase name="newRectangle_getsAnIntegerCalledHeight" classname="RectangleTest" time="0.001"/>
  <system-out><![CDATA[]]></system-out>
  <system-err><![CDATA[]]></system-err>
</testsuite>
